<?xml version="1.0" encoding="UTF-8"?>
<testng-results ignored="0" total="1" passed="1" failed="0" skipped="0">
  <reporter-output>
  </reporter-output>
  <suite started-at="2023-10-27T17:53:40 IST" name="Default suite" finished-at="2023-10-27T17:54:11 IST" duration-ms="31175">
    <groups>
    </groups>
    <test started-at="2023-10-27T17:53:40 IST" name="Default test" finished-at="2023-10-27T17:54:11 IST" duration-ms="31175">
      <class name="com.gmailLogin.loginTC">
        <test-method is-config="true" signature="setup(java.lang.String)[pri:0, instance:com.gmailLogin.loginTC@6574a52c]" started-at="2023-10-27T17:53:40 IST" name="setup" finished-at="2023-10-27T17:53:49 IST" duration-ms="8594" status="PASS">
          <params>
            <param index="0">
              <value>
                <![CDATA[chrome]]>
              </value>
            </param>
          </params>
          <reporter-output>
          </reporter-output>
        </test-method> <!-- setup -->
        <test-method signature="loginUser()[pri:1, instance:com.gmailLogin.loginTC@6574a52c]" started-at="2023-10-27T17:53:49 IST" name="loginUser" finished-at="2023-10-27T17:54:11 IST" duration-ms="21995" status="PASS">
          <reporter-output>
          </reporter-output>
        </test-method> <!-- loginUser -->
        <test-method is-config="true" signature="tearDown()[pri:0, instance:com.gmailLogin.loginTC@6574a52c]" started-at="2023-10-27T17:54:11 IST" name="tearDown" finished-at="2023-10-27T17:54:11 IST" duration-ms="554" status="PASS">
          <reporter-output>
          </reporter-output>
        </test-method> <!-- tearDown -->
      </class> <!-- com.gmailLogin.loginTC -->
    </test> <!-- Default test -->
  </suite> <!-- Default suite -->
</testng-results>
